2025-01-02 13:34:34,797 - INFO - Finding missing values in DataFrame...
2025-01-02 13:34:48,952 - INFO - Finding missing values in DataFrame...
2025-01-02 13:35:02,602 - INFO - Finding missing values in DataFrame...
2025-01-02 13:37:11,579 - INFO - Replacing missing values...
2025-01-02 13:37:11,585 - INFO - Replacing missing values in column 'Id' with mean: 41088
2025-01-02 13:37:11,589 - INFO - Replacing missing values in column 'Store' with mean: 1115
2025-01-02 13:37:11,590 - INFO - Replacing missing values in column 'DayOfWeek' with mean: 7
2025-01-02 13:37:11,593 - INFO - Replacing missing values in column 'Open' with mean: 1.0
2025-01-02 13:37:11,597 - INFO - Replacing missing values in column 'Promo' with mean: 1
2025-01-02 13:37:11,600 - INFO - Replacing missing values in column 'SchoolHoliday' with mean: 1
2025-01-02 13:37:11,605 - INFO - Replacing missing values in column 'Date' with mode: 2015-08-01
2025-01-02 13:37:11,611 - INFO - Replacing missing values in column 'StateHoliday' with mode: 0
2025-01-02 13:38:02,708 - INFO - Finding missing values in DataFrame...
2025-01-02 13:38:13,981 - INFO - Replacing missing values...
2025-01-02 13:38:13,990 - INFO - Replacing missing values in column 'Store' with mean: 1115
2025-01-02 13:38:13,992 - INFO - Replacing missing values in column 'CompetitionDistance' with mean: 75860.0
2025-01-02 13:38:13,993 - INFO - Replacing missing values in column 'CompetitionOpenSinceMonth' with mean: 12.0
2025-01-02 13:38:13,997 - INFO - Replacing missing values in column 'CompetitionOpenSinceYear' with mean: 2015.0
2025-01-02 13:38:13,999 - INFO - Replacing missing values in column 'Promo2' with mean: 1
2025-01-02 13:38:13,999 - INFO - Replacing missing values in column 'Promo2SinceWeek' with mean: 50.0
2025-01-02 13:38:13,999 - INFO - Replacing missing values in column 'Promo2SinceYear' with mean: 2015.0
2025-01-02 13:38:14,005 - INFO - Replacing missing values in column 'StoreType' with mode: a
2025-01-02 13:38:14,007 - INFO - Replacing missing values in column 'Assortment' with mode: a
2025-01-02 13:38:14,007 - INFO - Replacing missing values in column 'PromoInterval' with mode: Jan,Apr,Jul,Oct
2025-01-02 13:40:59,070 - INFO - Finding missing values in DataFrame...
2025-01-02 13:46:03,530 - INFO - Calculating outlier summary for numerical columns...
2025-01-02 13:47:16,141 - INFO - Creating box plots for outlier detection...
2025-01-02 13:47:57,173 - INFO - Calculating outlier summary for numerical columns...
2025-01-02 13:48:23,990 - INFO - Calculating outlier summary for numerical columns...
2025-01-02 21:16:43,754 - INFO - Finding missing values in DataFrame...
2025-01-02 21:16:43,837 - INFO - Finding missing values in DataFrame...
2025-01-02 21:16:43,854 - INFO - Finding missing values in DataFrame...
2025-01-02 21:16:43,881 - INFO - Replacing missing values...
2025-01-02 21:16:43,885 - INFO - Replacing missing values in column 'Id' with mean: 41088
2025-01-02 21:16:43,888 - INFO - Replacing missing values in column 'Store' with mean: 1115
2025-01-02 21:16:43,888 - INFO - Replacing missing values in column 'DayOfWeek' with mean: 7
2025-01-02 21:16:43,888 - INFO - Replacing missing values in column 'Open' with mean: 1.0
2025-01-02 21:16:43,895 - INFO - Replacing missing values in column 'Promo' with mean: 1
2025-01-02 21:16:43,897 - INFO - Replacing missing values in column 'SchoolHoliday' with mean: 1
2025-01-02 21:16:43,900 - INFO - Replacing missing values in column 'Date' with mode: 2015-08-01
2025-01-02 21:16:43,902 - INFO - Replacing missing values in column 'StateHoliday' with mode: 0
2025-01-02 21:16:43,914 - INFO - Finding missing values in DataFrame...
2025-01-02 21:16:43,930 - INFO - Replacing missing values...
2025-01-02 21:16:43,932 - INFO - Replacing missing values in column 'Store' with mean: 1115
2025-01-02 21:16:43,934 - INFO - Replacing missing values in column 'CompetitionDistance' with mean: 75860.0
2025-01-02 21:16:43,934 - INFO - Replacing missing values in column 'CompetitionOpenSinceMonth' with mean: 12.0
2025-01-02 21:16:43,934 - INFO - Replacing missing values in column 'CompetitionOpenSinceYear' with mean: 2015.0
2025-01-02 21:16:43,934 - INFO - Replacing missing values in column 'Promo2' with mean: 1
2025-01-02 21:16:43,934 - INFO - Replacing missing values in column 'Promo2SinceWeek' with mean: 50.0
2025-01-02 21:16:43,944 - INFO - Replacing missing values in column 'Promo2SinceYear' with mean: 2015.0
2025-01-02 21:16:43,947 - INFO - Replacing missing values in column 'StoreType' with mode: a
2025-01-02 21:16:43,948 - INFO - Replacing missing values in column 'Assortment' with mode: a
2025-01-02 21:16:43,950 - INFO - Replacing missing values in column 'PromoInterval' with mode: Jan,Apr,Jul,Oct
2025-01-02 21:16:43,953 - INFO - Finding missing values in DataFrame...
2025-01-02 21:16:43,997 - INFO - Calculating outlier summary for numerical columns...
2025-01-02 21:16:44,069 - INFO - Creating box plots for outlier detection...
2025-01-02 21:16:46,763 - INFO - Calculating outlier summary for numerical columns...
2025-01-02 21:16:46,784 - INFO - Calculating outlier summary for numerical columns...
2025-01-03 08:18:00,145 - INFO - Finding missing values in DataFrame...
2025-01-03 08:18:00,240 - INFO - Finding missing values in DataFrame...
2025-01-03 08:18:00,257 - INFO - Finding missing values in DataFrame...
2025-01-03 08:18:00,309 - INFO - Replacing missing values...
2025-01-03 08:18:00,309 - INFO - Replacing missing values in column 'Id' with mean: 41088
2025-01-03 08:18:00,316 - INFO - Replacing missing values in column 'Store' with mean: 1115
2025-01-03 08:18:00,316 - INFO - Replacing missing values in column 'DayOfWeek' with mean: 7
2025-01-03 08:18:00,316 - INFO - Replacing missing values in column 'Open' with mean: 1.0
2025-01-03 08:18:00,323 - INFO - Replacing missing values in column 'Promo' with mean: 1
2025-01-03 08:18:00,324 - INFO - Replacing missing values in column 'SchoolHoliday' with mean: 1
2025-01-03 08:18:00,324 - INFO - Replacing missing values in column 'Date' with mode: 2015-08-01
2025-01-03 08:18:00,332 - INFO - Replacing missing values in column 'StateHoliday' with mode: 0
2025-01-03 08:18:00,340 - INFO - Finding missing values in DataFrame...
2025-01-03 08:18:00,362 - INFO - Replacing missing values...
2025-01-03 08:18:00,367 - INFO - Replacing missing values in column 'Store' with mean: 1115
2025-01-03 08:18:00,370 - INFO - Replacing missing values in column 'CompetitionDistance' with mean: 75860.0
2025-01-03 08:18:00,372 - INFO - Replacing missing values in column 'CompetitionOpenSinceMonth' with mean: 12.0
2025-01-03 08:18:00,377 - INFO - Replacing missing values in column 'CompetitionOpenSinceYear' with mean: 2015.0
2025-01-03 08:18:00,380 - INFO - Replacing missing values in column 'Promo2' with mean: 1
2025-01-03 08:18:00,380 - INFO - Replacing missing values in column 'Promo2SinceWeek' with mean: 50.0
2025-01-03 08:18:00,380 - INFO - Replacing missing values in column 'Promo2SinceYear' with mean: 2015.0
2025-01-03 08:18:00,380 - INFO - Replacing missing values in column 'StoreType' with mode: a
2025-01-03 08:18:00,380 - INFO - Replacing missing values in column 'Assortment' with mode: a
2025-01-03 08:18:00,388 - INFO - Replacing missing values in column 'PromoInterval' with mode: Jan,Apr,Jul,Oct
2025-01-03 08:18:00,396 - INFO - Finding missing values in DataFrame...
2025-01-03 08:18:00,445 - INFO - Calculating outlier summary for numerical columns...
2025-01-03 08:18:00,525 - INFO - Creating box plots for outlier detection...
2025-01-03 08:18:05,872 - INFO - Calculating outlier summary for numerical columns...
2025-01-03 08:18:05,899 - INFO - Calculating outlier summary for numerical columns...
2025-01-03 08:18:22,851 - INFO - Loading data from file...
2025-01-03 08:18:23,319 - INFO - Train Data, Test Data and Store Data loaded with shape (1017209, 9), (41088, 8), and (1115, 10) respectively
2025-01-03 08:18:23,514 - INFO - Finding missing values in DataFrame...
2025-01-03 08:18:23,594 - INFO - Finding missing values in DataFrame...
2025-01-03 08:18:23,611 - INFO - Finding missing values in DataFrame...
2025-01-03 08:18:23,639 - INFO - Replacing missing values...
2025-01-03 08:18:23,645 - INFO - Replacing missing values in column 'Id' with mean: 41088
2025-01-03 08:18:23,648 - INFO - Replacing missing values in column 'Store' with mean: 1115
2025-01-03 08:18:23,650 - INFO - Replacing missing values in column 'DayOfWeek' with mean: 7
2025-01-03 08:18:23,654 - INFO - Replacing missing values in column 'Open' with mean: 1.0
2025-01-03 08:18:23,655 - INFO - Replacing missing values in column 'Promo' with mean: 1
2025-01-03 08:18:23,658 - INFO - Replacing missing values in column 'SchoolHoliday' with mean: 1
2025-01-03 08:18:23,661 - INFO - Replacing missing values in column 'Date' with mode: 2015-08-01
2025-01-03 08:18:23,666 - INFO - Replacing missing values in column 'StateHoliday' with mode: 0
2025-01-03 08:18:23,677 - INFO - Finding missing values in DataFrame...
2025-01-03 08:18:23,717 - INFO - Replacing missing values...
2025-01-03 08:18:23,717 - INFO - Replacing missing values in column 'Store' with mean: 1115
2025-01-03 08:18:23,722 - INFO - Replacing missing values in column 'CompetitionDistance' with mean: 75860.0
2025-01-03 08:18:23,724 - INFO - Replacing missing values in column 'CompetitionOpenSinceMonth' with mean: 12.0
2025-01-03 08:18:23,726 - INFO - Replacing missing values in column 'CompetitionOpenSinceYear' with mean: 2015.0
2025-01-03 08:18:23,729 - INFO - Replacing missing values in column 'Promo2' with mean: 1
2025-01-03 08:18:23,731 - INFO - Replacing missing values in column 'Promo2SinceWeek' with mean: 50.0
2025-01-03 08:18:23,731 - INFO - Replacing missing values in column 'Promo2SinceYear' with mean: 2015.0
2025-01-03 08:18:23,736 - INFO - Replacing missing values in column 'StoreType' with mode: a
2025-01-03 08:18:23,739 - INFO - Replacing missing values in column 'Assortment' with mode: a
2025-01-03 08:18:23,739 - INFO - Replacing missing values in column 'PromoInterval' with mode: Jan,Apr,Jul,Oct
2025-01-03 08:18:23,752 - INFO - Finding missing values in DataFrame...
2025-01-03 08:18:23,799 - INFO - Calculating outlier summary for numerical columns...
2025-01-03 08:18:23,876 - INFO - Creating box plots for outlier detection...
2025-01-03 08:18:26,459 - INFO - Calculating outlier summary for numerical columns...
2025-01-03 08:18:26,482 - INFO - Calculating outlier summary for numerical columns...
2025-01-03 08:19:26,242 - INFO - Creating box plots for outlier detection...
2025-01-03 08:20:12,590 - INFO - Removing outliers using winsorization...
2025-01-03 08:20:12,615 - INFO - Winsorizing column 'Sales' with lower bound: -2466.5 and upper bound: 14049.5
2025-01-03 08:20:12,705 - INFO - Winsorizing column 'Customers' with lower bound: -243.0 and upper bound: 1485.0
2025-01-03 08:21:12,184 - INFO - Removing outliers using winsorization...
2025-01-03 08:21:12,188 - INFO - Winsorizing column 'CompetitionDistance' with lower bound: -8557.5 and upper bound: 16182.5
2025-01-03 08:21:12,191 - INFO - Winsorizing column 'CompetitionOpenSinceYear' with lower bound: 1997.5 and upper bound: 2025.5
2025-01-03 08:22:25,371 - INFO - Calculating outlier summary for numerical columns...
2025-01-03 08:22:33,752 - INFO - Calculating outlier summary for numerical columns...
2025-01-03 08:22:43,667 - INFO - Calculating outlier summary for numerical columns...
2025-01-03 08:24:01,848 - INFO - Creating box plots for outlier detection...
2025-01-03 08:25:41,867 - INFO - Creating box plots for outlier detection...
